  Source.cpp
D:\Apps\opencv-3.1.0\opencv\buildGPU\install\include\opencv2/core/mat.hpp(1965): warning C4819: The file contains a character that cannot be represented in the current code page (932). Save the file in Unicode format to prevent data loss
D:\Apps\opencv-3.1.0\opencv\buildGPU\install\include\opencv2/core/persistence.hpp : warning C4819: The file contains a character that cannot be represented in the current code page (932). Save the file in Unicode format to prevent data loss
D:\Apps\opencv-3.1.0\opencv\buildGPU\install\include\opencv2/core/utility.hpp : warning C4819: The file contains a character that cannot be represented in the current code page (932). Save the file in Unicode format to prevent data loss
D:\Apps\opencv-3.1.0\opencv\buildGPU\install\include\opencv2/core/utility.hpp : warning C4819: The file contains a character that cannot be represented in the current code page (932). Save the file in Unicode format to prevent data loss
C:\Program Files\NVIDIA GPU Computing Toolkit\CUDA\v9.0\include\cuda_runtime.h : warning C4819: The file contains a character that cannot be represented in the current code page (932). Save the file in Unicode format to prevent data loss
c:\program files\nvidia gpu computing toolkit\cuda\v9.0\include\cuda_runtime_api.h(1950): warning C4819: The file contains a character that cannot be represented in the current code page (932). Save the file in Unicode format to prevent data loss
c:\program files\nvidia gpu computing toolkit\cuda\v9.0\include\cuda_runtime_api.h(1950): warning C4819: The file contains a character that cannot be represented in the current code page (932). Save the file in Unicode format to prevent data loss
d:\lian\vc-work\opencvgpu\opencvgpu\Undistort.h(26): warning C4244: '=': conversion from 'double' to 'float', possible loss of data
d:\lian\vc-work\opencvgpu\opencvgpu\Undistort.h(43): warning C4244: 'initializing': conversion from 'double' to 'float', possible loss of data
d:\lian\vc-work\opencvgpu\opencvgpu\Undistort.h(44): warning C4244: 'initializing': conversion from 'double' to 'float', possible loss of data
d:\lian\vc-work\opencvgpu\opencvgpu\Undistort.h(45): warning C4244: 'initializing': conversion from 'double' to 'float', possible loss of data
d:\lian\vc-work\opencvgpu\opencvgpu\Undistort.h(56): warning C4244: 'initializing': conversion from 'double' to 'float', possible loss of data
d:\lian\vc-work\opencvgpu\opencvgpu\Undistort.h(57): warning C4244: 'initializing': conversion from 'double' to 'float', possible loss of data
d:\lian\vc-work\opencvgpu\opencvgpu\Undistort.h(60): warning C4244: 'initializing': conversion from 'int' to 'float', possible loss of data
d:\lian\vc-work\opencvgpu\opencvgpu\Undistort.h(63): warning C4244: 'initializing': conversion from 'int' to 'float', possible loss of data
d:\lian\vc-work\opencvgpu\opencvgpu\Undistort.h(71): warning C4244: 'initializing': conversion from 'float' to 'int', possible loss of data
d:\lian\vc-work\opencvgpu\opencvgpu\Undistort.h(72): warning C4244: 'initializing': conversion from 'float' to 'int', possible loss of data
  Generating code
  7 of 168 functions ( 4.2%) were compiled, the rest were copied from previous compilation.
    0 functions were new in current compilation
    0 functions had inline decision re-evaluated but remain unchanged
  Finished generating code
  OpencvGPU.vcxproj -> D:\lian\vc-work\OpencvGPU\x64\Release\OpencvGPU.exe
  OpencvGPU.vcxproj -> D:\lian\vc-work\OpencvGPU\x64\Release\OpencvGPU.pdb (Full PDB)
